<?xml version="1.0" encoding="UTF-8"?>
<!-- Generated by org.testng.reporters.JUnitXMLReporter -->
<testsuite hostname="DESKTOP-3U003I0" ignored="2" name="Test" tests="4" failures="0" timestamp="2020-01-23T16:19:17 GMT" time="69.371" errors="0">
  <testcase name="validateNavBar" time="12.814" classname="Academy.validateNavigationBar"/>
  <testcase name="getTitle" time="12.544" classname="Academy.validateTitle"/>
  <testcase name="basePageNavigation" time="17.584" classname="Academy.HomePage"/>
  <testcase name="basePageNavigation" time="18.251" classname="Academy.HomePage"/>
  <testcase name="@BeforeTest initalizeDriver" time="0.0" classname="resources.base">
    <ignored/>
  </testcase> <!-- @BeforeTest initalizeDriver -->
  <testcase name="@BeforeTest initalizeDriver" time="0.0" classname="resources.base">
    <ignored/>
  </testcase> <!-- @BeforeTest initalizeDriver -->
</testsuite> <!-- Test -->
