<?xml version="1.0" encoding="UTF-8"?>
<testsuite xmlns:xsi="http://www.w3.org/2001/XMLSchema-instance" xsi:noNamespaceSchemaLocation="https://maven.apache.org/surefire/maven-surefire-plugin/xsd/surefire-test-report-3.0.xsd" version="3.0" name="TestSuite" time="76.205" tests="6" errors="0" skipped="2" failures="1">
  <properties>
[...]
</properties>
  <testcase name="basePageNavigation" classname="Academy.HomePage" time="18.176"/>
  <testcase name="basePageNavigation" classname="Academy.HomePage" time="17.854"/>
  <testcase name="validateNavBar" classname="Academy.validateNavigationBar" time="12.893"/>
  <testcase name="initalizeDriver" classname="Academy.validateTitle" time="28.141">
    <failure message="session not created&#10;from chrome not reachable&#10;  (Session info: chrome=79.0.3945.130)&#10;Build info: version: &apos;3.141.59&apos;, revision: &apos;e82be7d358&apos;, time: &apos;2018-11-14T08:17:03&apos;&#10;System info: host: &apos;DESKTOP-3U003I0&apos;, ip: &apos;192.168.0.13&apos;, os.name: &apos;Windows 10&apos;, os.arch: &apos;amd64&apos;, os.version: &apos;10.0&apos;, java.version: &apos;1.8.0_231&apos;&#10;Driver info: driver.version: ChromeDriver&#10;remote stacktrace: Backtrace:&#10;	Ordinal0 [0x00DFA113+1548563]&#10;	Ordinal0 [0x00D7DDA1+1039777]&#10;	Ordinal0 [0x00CFE32E+516910]&#10;	Ordinal0 [0x00CF8012+491538]&#10;	Ordinal0 [0x00CF86EB+493291]&#10;	Ordinal0 [0x00CF9855+497749]&#10;	Ordinal0 [0x00CF5885+481413]&#10;	Ordinal0 [0x00CFF0D0+520400]&#10;	Ordinal0 [0x00CAC030+180272]&#10;	Ordinal0 [0x00CAB59D+177565]&#10;	Ordinal0 [0x00CA95FB+169467]&#10;	Ordinal0 [0x00C9160A+71178]&#10;	Ordinal0 [0x00C92690+75408]&#10;	Ordinal0 [0x00C92629+75305]&#10;	Ordinal0 [0x00D971B7+1143223]&#10;	GetHandleVerifier [0x00E92B46+507814]&#10;	GetHandleVerifier [0x00E92864+507076]&#10;	GetHandleVerifier [0x00E99F47+537511]&#10;	GetHandleVerifier [0x00E93402+510050]&#10;	Ordinal0 [0x00D8F29C+1110684]&#10;	Ordinal0 [0x00D9938B+1151883]&#10;	Ordinal0 [0x00D994F3+1152243]&#10;	Ordinal0 [0x00D983F5+1147893]&#10;	BaseThreadInitThunk [0x76C16359+25]&#10;	RtlGetAppContainerNamedObjectPath [0x77947B74+228]&#10;	RtlGetAppContainerNamedObjectPath [0x77947B44+180]&#10;" type="org.openqa.selenium.SessionNotCreatedException"><![CDATA[org.openqa.selenium.SessionNotCreatedException: 
session not created
from chrome not reachable
  (Session info: chrome=79.0.3945.130)
Build info: version: '3.141.59', revision: 'e82be7d358', time: '2018-11-14T08:17:03'
System info: host: 'DESKTOP-3U003I0', ip: '192.168.0.13', os.name: 'Windows 10', os.arch: 'amd64', os.version: '10.0', java.version: '1.8.0_231'
Driver info: driver.version: ChromeDriver
remote stacktrace: Backtrace:
	Ordinal0 [0x00DFA113+1548563]
	Ordinal0 [0x00D7DDA1+1039777]
	Ordinal0 [0x00CFE32E+516910]
	Ordinal0 [0x00CF8012+491538]
	Ordinal0 [0x00CF86EB+493291]
	Ordinal0 [0x00CF9855+497749]
	Ordinal0 [0x00CF5885+481413]
	Ordinal0 [0x00CFF0D0+520400]
	Ordinal0 [0x00CAC030+180272]
	Ordinal0 [0x00CAB59D+177565]
	Ordinal0 [0x00CA95FB+169467]
	Ordinal0 [0x00C9160A+71178]
	Ordinal0 [0x00C92690+75408]
	Ordinal0 [0x00C92629+75305]
	Ordinal0 [0x00D971B7+1143223]
	GetHandleVerifier [0x00E92B46+507814]
	GetHandleVerifier [0x00E92864+507076]
	GetHandleVerifier [0x00E99F47+537511]
	GetHandleVerifier [0x00E93402+510050]
	Ordinal0 [0x00D8F29C+1110684]
	Ordinal0 [0x00D9938B+1151883]
	Ordinal0 [0x00D994F3+1152243]
	Ordinal0 [0x00D983F5+1147893]
	BaseThreadInitThunk [0x76C16359+25]
	RtlGetAppContainerNamedObjectPath [0x77947B74+228]
	RtlGetAppContainerNamedObjectPath [0x77947B44+180]

]]></failure>
    <system-out><![CDATA[chrome
]]></system-out>
    <system-err><![CDATA[Starting ChromeDriver 79.0.3945.36 (3582db32b33893869b8c1339e8f4d9ed1816f143-refs/branch-heads/3945@{#614}) on port 32791
Only local connections are allowed.
Please protect ports used by ChromeDriver and related test frameworks to prevent access by malicious code.
[1580833625.344][WARNING]: Timed out connecting to Chrome, retrying...
[1580833629.345][WARNING]: Timed out connecting to Chrome, retrying...
]]></system-err>
  </testcase>
  <testcase name="getTitle" classname="Academy.validateTitle" time="0">
    <skipped/>
  </testcase>
  <testcase name="tearDown" classname="Academy.validateTitle" time="0">
    <skipped/>
  </testcase>
</testsuite>