<?xml version="1.0" encoding="UTF-8"?>
<testng-results skipped="1" failed="0" total="4" passed="3">
  <reporter-output>
  </reporter-output>
  <suite name="Suite" duration-ms="74899" started-at="2020-02-04T16:26:02Z" finished-at="2020-02-04T16:27:17Z">
    <groups>
    </groups>
    <test name="Validation homepage" duration-ms="41597" started-at="2020-02-04T16:26:02Z" finished-at="2020-02-04T16:26:44Z">
      <class name="Academy.HomePage">
        <test-method status="PASS" signature="initalizeDriver()[pri:0, instance:Academy.HomePage@518bfd90]" name="initalizeDriver" is-config="true" duration-ms="5406" started-at="2020-02-04T16:26:02Z" finished-at="2020-02-04T16:26:07Z">
          <reporter-output>
          </reporter-output>
        </test-method> <!-- initalizeDriver -->
        <test-method status="PASS" signature="basePageNavigation(java.lang.String, java.lang.String, java.lang.String)[pri:0, instance:Academy.HomePage@518bfd90]" name="basePageNavigation" duration-ms="18177" started-at="2020-02-04T16:26:07Z" data-provider="getData" finished-at="2020-02-04T16:26:26Z">
          <params>
            <param index="0">
              <value>
                <![CDATA[nonrestricteduser@test.com]]>
              </value>
            </param>
            <param index="1">
              <value>
                <![CDATA[123456]]>
              </value>
            </param>
            <param index="2">
              <value>
                <![CDATA[Restricted User]]>
              </value>
            </param>
          </params>
          <reporter-output>
          </reporter-output>
        </test-method> <!-- basePageNavigation -->
        <test-method status="PASS" signature="basePageNavigation(java.lang.String, java.lang.String, java.lang.String)[pri:0, instance:Academy.HomePage@518bfd90]" name="basePageNavigation" duration-ms="17854" started-at="2020-02-04T16:26:26Z" data-provider="getData" finished-at="2020-02-04T16:26:43Z">
          <params>
            <param index="0">
              <value>
                <![CDATA[restricteduser@test.com]]>
              </value>
            </param>
            <param index="1">
              <value>
                <![CDATA[654321]]>
              </value>
            </param>
            <param index="2">
              <value>
                <![CDATA[Not Restricted User]]>
              </value>
            </param>
          </params>
          <reporter-output>
          </reporter-output>
        </test-method> <!-- basePageNavigation -->
        <test-method status="PASS" signature="tearDown()[pri:0, instance:Academy.HomePage@518bfd90]" name="tearDown" is-config="true" duration-ms="153" started-at="2020-02-04T16:26:43Z" finished-at="2020-02-04T16:26:44Z">
          <reporter-output>
          </reporter-output>
        </test-method> <!-- tearDown -->
      </class> <!-- Academy.HomePage -->
    </test> <!-- Validation homepage -->
    <test name="Validating navigation bar" duration-ms="18162" started-at="2020-02-04T16:26:44Z" finished-at="2020-02-04T16:27:02Z">
      <class name="Academy.validateNavigationBar">
        <test-method status="PASS" signature="initalizeDriver()[pri:0, instance:Academy.validateNavigationBar@17fa1336]" name="initalizeDriver" is-config="true" duration-ms="5135" started-at="2020-02-04T16:26:44Z" finished-at="2020-02-04T16:26:49Z">
          <reporter-output>
          </reporter-output>
        </test-method> <!-- initalizeDriver -->
        <test-method status="PASS" signature="validateNavBar()[pri:0, instance:Academy.validateNavigationBar@17fa1336]" name="validateNavBar" duration-ms="12893" started-at="2020-02-04T16:26:49Z" finished-at="2020-02-04T16:27:02Z">
          <reporter-output>
          </reporter-output>
        </test-method> <!-- validateNavBar -->
        <test-method status="PASS" signature="tearDown()[pri:0, instance:Academy.validateNavigationBar@17fa1336]" name="tearDown" is-config="true" duration-ms="133" started-at="2020-02-04T16:27:02Z" finished-at="2020-02-04T16:27:02Z">
          <reporter-output>
          </reporter-output>
        </test-method> <!-- tearDown -->
      </class> <!-- Academy.validateNavigationBar -->
    </test> <!-- Validating navigation bar -->
    <test name="Validating title" duration-ms="15108" started-at="2020-02-04T16:27:02Z" finished-at="2020-02-04T16:27:17Z">
      <class name="Academy.validateTitle">
        <test-method status="FAIL" signature="initalizeDriver()[pri:0, instance:Academy.validateTitle@2a369e14]" name="initalizeDriver" is-config="true" duration-ms="0" started-at="2020-02-04T16:27:02Z" finished-at="2020-02-04T16:27:02Z">
          <exception class="org.openqa.selenium.SessionNotCreatedException">
            <message>
              <![CDATA[session not created
from chrome not reachable
  (Session info: chrome=79.0.3945.130)
Build info: version: '3.141.59', revision: 'e82be7d358', time: '2018-11-14T08:17:03'
System info: host: 'DESKTOP-3U003I0', ip: '192.168.0.13', os.name: 'Windows 10', os.arch: 'amd64', os.version: '10.0', java.version: '1.8.0_231'
Driver info: driver.version: ChromeDriver
remote stacktrace: Backtrace:
	Ordinal0 [0x00DFA113+1548563]
	Ordinal0 [0x00D7DDA1+1039777]
	Ordinal0 [0x00CFE32E+516910]
	Ordinal0 [0x00CF8012+491538]
	Ordinal0 [0x00CF86EB+493291]
	Ordinal0 [0x00CF9855+497749]
	Ordinal0 [0x00CF5885+481413]
	Ordinal0 [0x00CFF0D0+520400]
	Ordinal0 [0x00CAC030+180272]
	Ordinal0 [0x00CAB59D+177565]
	Ordinal0 [0x00CA95FB+169467]
	Ordinal0 [0x00C9160A+71178]
	Ordinal0 [0x00C92690+75408]
	Ordinal0 [0x00C92629+75305]
	Ordinal0 [0x00D971B7+1143223]
	GetHandleVerifier [0x00E92B46+507814]
	GetHandleVerifier [0x00E92864+507076]
	GetHandleVerifier [0x00E99F47+537511]
	GetHandleVerifier [0x00E93402+510050]
	Ordinal0 [0x00D8F29C+1110684]
	Ordinal0 [0x00D9938B+1151883]
	Ordinal0 [0x00D994F3+1152243]
	Ordinal0 [0x00D983F5+1147893]
	BaseThreadInitThunk [0x76C16359+25]
	RtlGetAppContainerNamedObjectPath [0x77947B74+228]
	RtlGetAppContainerNamedObjectPath [0x77947B44+180]
]]>
            </message>
            <full-stacktrace>
              <![CDATA[org.openqa.selenium.SessionNotCreatedException: session not created
from chrome not reachable
  (Session info: chrome=79.0.3945.130)
Build info: version: '3.141.59', revision: 'e82be7d358', time: '2018-11-14T08:17:03'
System info: host: 'DESKTOP-3U003I0', ip: '192.168.0.13', os.name: 'Windows 10', os.arch: 'amd64', os.version: '10.0', java.version: '1.8.0_231'
Driver info: driver.version: ChromeDriver
remote stacktrace: Backtrace:
	Ordinal0 [0x00DFA113+1548563]
	Ordinal0 [0x00D7DDA1+1039777]
	Ordinal0 [0x00CFE32E+516910]
	Ordinal0 [0x00CF8012+491538]
	Ordinal0 [0x00CF86EB+493291]
	Ordinal0 [0x00CF9855+497749]
	Ordinal0 [0x00CF5885+481413]
	Ordinal0 [0x00CFF0D0+520400]
	Ordinal0 [0x00CAC030+180272]
	Ordinal0 [0x00CAB59D+177565]
	Ordinal0 [0x00CA95FB+169467]
	Ordinal0 [0x00C9160A+71178]
	Ordinal0 [0x00C92690+75408]
	Ordinal0 [0x00C92629+75305]
	Ordinal0 [0x00D971B7+1143223]
	GetHandleVerifier [0x00E92B46+507814]
	GetHandleVerifier [0x00E92864+507076]
	GetHandleVerifier [0x00E99F47+537511]
	GetHandleVerifier [0x00E93402+510050]
	Ordinal0 [0x00D8F29C+1110684]
	Ordinal0 [0x00D9938B+1151883]
	Ordinal0 [0x00D994F3+1152243]
	Ordinal0 [0x00D983F5+1147893]
	BaseThreadInitThunk [0x76C16359+25]
	RtlGetAppContainerNamedObjectPath [0x77947B74+228]
	RtlGetAppContainerNamedObjectPath [0x77947B44+180]

	at sun.reflect.NativeConstructorAccessorImpl.newInstance0(Native Method)
	at sun.reflect.NativeConstructorAccessorImpl.newInstance(NativeConstructorAccessorImpl.java:62)
	at sun.reflect.DelegatingConstructorAccessorImpl.newInstance(DelegatingConstructorAccessorImpl.java:45)
	at java.lang.reflect.Constructor.newInstance(Constructor.java:423)
	at org.openqa.selenium.remote.W3CHandshakeResponse.lambda$errorHandler$0(W3CHandshakeResponse.java:62)
	at org.openqa.selenium.remote.HandshakeResponse.lambda$getResponseFunction$0(HandshakeResponse.java:30)
	at org.openqa.selenium.remote.ProtocolHandshake.lambda$createSession$0(ProtocolHandshake.java:126)
	at java.util.stream.ReferencePipeline$3$1.accept(ReferencePipeline.java:193)
	at java.util.Spliterators$ArraySpliterator.tryAdvance(Spliterators.java:958)
	at java.util.stream.ReferencePipeline.forEachWithCancel(ReferencePipeline.java:126)
	at java.util.stream.AbstractPipeline.copyIntoWithCancel(AbstractPipeline.java:499)
	at java.util.stream.AbstractPipeline.copyInto(AbstractPipeline.java:486)
	at java.util.stream.AbstractPipeline.wrapAndCopyInto(AbstractPipeline.java:472)
	at java.util.stream.FindOps$FindOp.evaluateSequential(FindOps.java:152)
	at java.util.stream.AbstractPipeline.evaluate(AbstractPipeline.java:234)
	at java.util.stream.ReferencePipeline.findFirst(ReferencePipeline.java:464)
	at org.openqa.selenium.remote.ProtocolHandshake.createSession(ProtocolHandshake.java:128)
	at org.openqa.selenium.remote.ProtocolHandshake.createSession(ProtocolHandshake.java:74)
	at org.openqa.selenium.remote.HttpCommandExecutor.execute(HttpCommandExecutor.java:136)
	at org.openqa.selenium.remote.service.DriverCommandExecutor.execute(DriverCommandExecutor.java:83)
	at org.openqa.selenium.remote.RemoteWebDriver.execute(RemoteWebDriver.java:552)
	at org.openqa.selenium.remote.RemoteWebDriver.startSession(RemoteWebDriver.java:213)
	at org.openqa.selenium.remote.RemoteWebDriver.<init>(RemoteWebDriver.java:131)
	at org.openqa.selenium.chrome.ChromeDriver.<init>(ChromeDriver.java:181)
	at org.openqa.selenium.chrome.ChromeDriver.<init>(ChromeDriver.java:168)
	at org.openqa.selenium.chrome.ChromeDriver.<init>(ChromeDriver.java:123)
	at resources.base.initalizeDriver(base.java:42)
	at sun.reflect.NativeMethodAccessorImpl.invoke0(Native Method)
	at sun.reflect.NativeMethodAccessorImpl.invoke(NativeMethodAccessorImpl.java:62)
	at sun.reflect.DelegatingMethodAccessorImpl.invoke(DelegatingMethodAccessorImpl.java:43)
	at java.lang.reflect.Method.invoke(Method.java:498)
	at org.testng.internal.MethodInvocationHelper.invokeMethod(MethodInvocationHelper.java:80)
	at org.testng.internal.Invoker.invokeConfigurationMethod(Invoker.java:564)
	at org.testng.internal.Invoker.invokeConfigurations(Invoker.java:213)
	at org.testng.internal.Invoker.invokeConfigurations(Invoker.java:138)
	at org.testng.TestRunner.beforeRun(TestRunner.java:641)
	at org.testng.TestRunner.run(TestRunner.java:609)
	at org.testng.SuiteRunner.runTest(SuiteRunner.java:334)
	at org.testng.SuiteRunner.runSequentially(SuiteRunner.java:329)
	at org.testng.SuiteRunner.privateRun(SuiteRunner.java:291)
	at org.testng.SuiteRunner.run(SuiteRunner.java:240)
	at org.testng.SuiteRunnerWorker.runSuite(SuiteRunnerWorker.java:52)
	at org.testng.SuiteRunnerWorker.run(SuiteRunnerWorker.java:86)
	at org.testng.TestNG.runSuitesSequentially(TestNG.java:1198)
	at org.testng.TestNG.runSuitesLocally(TestNG.java:1123)
	at org.testng.TestNG.run(TestNG.java:1031)
	at org.apache.maven.surefire.testng.TestNGExecutor.run(TestNGExecutor.java:283)
	at org.apache.maven.surefire.testng.TestNGXmlTestSuite.execute(TestNGXmlTestSuite.java:75)
	at org.apache.maven.surefire.testng.TestNGProvider.invoke(TestNGProvider.java:120)
	at sun.reflect.NativeMethodAccessorImpl.invoke0(Native Method)
	at sun.reflect.NativeMethodAccessorImpl.invoke(NativeMethodAccessorImpl.java:62)
	at sun.reflect.DelegatingMethodAccessorImpl.invoke(DelegatingMethodAccessorImpl.java:43)
	at java.lang.reflect.Method.invoke(Method.java:498)
	at org.apache.maven.surefire.util.ReflectionUtils.invokeMethodWithArray2(ReflectionUtils.java:186)
	at org.apache.maven.surefire.booter.ProviderFactory$ProviderProxy.invoke(ProviderFactory.java:161)
	at org.apache.maven.surefire.booter.ProviderFactory.invokeProvider(ProviderFactory.java:84)
	at org.apache.maven.plugin.surefire.InPluginVMSurefireStarter.runSuitesInProcess(InPluginVMSurefireStarter.java:87)
	at org.apache.maven.plugin.surefire.AbstractSurefireMojo.executeProvider(AbstractSurefireMojo.java:1198)
	at org.apache.maven.plugin.surefire.AbstractSurefireMojo.executeAfterPreconditionsChecked(AbstractSurefireMojo.java:1063)
	at org.apache.maven.plugin.surefire.AbstractSurefireMojo.execute(AbstractSurefireMojo.java:889)
	at org.apache.maven.plugin.DefaultBuildPluginManager.executeMojo(DefaultBuildPluginManager.java:137)
	at org.apache.maven.lifecycle.internal.MojoExecutor.execute(MojoExecutor.java:210)
	at org.apache.maven.lifecycle.internal.MojoExecutor.execute(MojoExecutor.java:156)
	at org.apache.maven.lifecycle.internal.MojoExecutor.execute(MojoExecutor.java:148)
	at org.apache.maven.lifecycle.internal.LifecycleModuleBuilder.buildProject(LifecycleModuleBuilder.java:117)
	at org.apache.maven.lifecycle.internal.LifecycleModuleBuilder.buildProject(LifecycleModuleBuilder.java:81)
	at org.apache.maven.lifecycle.internal.builder.singlethreaded.SingleThreadedBuilder.build(SingleThreadedBuilder.java:56)
	at org.apache.maven.lifecycle.internal.LifecycleStarter.execute(LifecycleStarter.java:128)
	at org.apache.maven.DefaultMaven.doExecute(DefaultMaven.java:305)
	at org.apache.maven.DefaultMaven.doExecute(DefaultMaven.java:192)
	at org.apache.maven.DefaultMaven.execute(DefaultMaven.java:105)
	at org.apache.maven.cli.MavenCli.execute(MavenCli.java:957)
	at org.apache.maven.cli.MavenCli.doMain(MavenCli.java:289)
	at org.apache.maven.cli.MavenCli.main(MavenCli.java:193)
	at sun.reflect.NativeMethodAccessorImpl.invoke0(Native Method)
	at sun.reflect.NativeMethodAccessorImpl.invoke(NativeMethodAccessorImpl.java:62)
	at sun.reflect.DelegatingMethodAccessorImpl.invoke(DelegatingMethodAccessorImpl.java:43)
	at java.lang.reflect.Method.invoke(Method.java:498)
	at org.codehaus.plexus.classworlds.launcher.Launcher.launchEnhanced(Launcher.java:282)
	at org.codehaus.plexus.classworlds.launcher.Launcher.launch(Launcher.java:225)
	at org.codehaus.plexus.classworlds.launcher.Launcher.mainWithExitCode(Launcher.java:406)
	at org.codehaus.plexus.classworlds.launcher.Launcher.main(Launcher.java:347)
]]>
            </full-stacktrace>
          </exception> <!-- org.openqa.selenium.SessionNotCreatedException -->
          <reporter-output>
          </reporter-output>
        </test-method> <!-- initalizeDriver -->
        <test-method status="SKIP" signature="getTitle()[pri:0, instance:Academy.validateTitle@2a369e14]" name="getTitle" duration-ms="0" started-at="2020-02-04T16:27:17Z" finished-at="2020-02-04T16:27:17Z">
          <reporter-output>
          </reporter-output>
        </test-method> <!-- getTitle -->
        <test-method status="SKIP" signature="tearDown()[pri:0, instance:Academy.validateTitle@2a369e14]" name="tearDown" is-config="true" duration-ms="0" started-at="2020-02-04T16:27:17Z" finished-at="2020-02-04T16:27:17Z">
          <reporter-output>
          </reporter-output>
        </test-method> <!-- tearDown -->
      </class> <!-- Academy.validateTitle -->
    </test> <!-- Validating title -->
  </suite> <!-- Suite -->
</testng-results>
